INFO:root:<class 'tuple'>
INFO:root:<class 'tuple'>
INFO:root:(1, 2, 5, 3, 4, 0, 6, 7, 8)
INFO:root:(0, 1, 2, 3, 4, 5, 6, 7, 8)
INFO:root:False
INFO:root:<class 'tuple'>
INFO:root:<class 'tuple'>
INFO:root:(1, 2, 0, 3, 4, 5, 6, 7, 8)
INFO:root:(0, 1, 2, 3, 4, 5, 6, 7, 8)
INFO:root:False
INFO:root:<class 'tuple'>
INFO:root:<class 'tuple'>
INFO:root:(1, 2, 5, 3, 4, 8, 6, 7, 0)
INFO:root:(0, 1, 2, 3, 4, 5, 6, 7, 8)
INFO:root:False
INFO:root:<class 'tuple'>
INFO:root:<class 'tuple'>
INFO:root:(1, 2, 5, 3, 0, 4, 6, 7, 8)
INFO:root:(0, 1, 2, 3, 4, 5, 6, 7, 8)
INFO:root:False
INFO:root:<class 'tuple'>
INFO:root:<class 'tuple'>
INFO:root:(1, 2, 5, 3, 4, 0, 6, 7, 8)
INFO:root:(0, 1, 2, 3, 4, 5, 6, 7, 8)
INFO:root:False
INFO:root:<class 'tuple'>
INFO:root:<class 'tuple'>
INFO:root:(1, 0, 2, 3, 4, 5, 6, 7, 8)
INFO:root:(0, 1, 2, 3, 4, 5, 6, 7, 8)
INFO:root:False
INFO:root:<class 'tuple'>
INFO:root:<class 'tuple'>
INFO:root:(1, 2, 5, 3, 4, 0, 6, 7, 8)
INFO:root:(0, 1, 2, 3, 4, 5, 6, 7, 8)
INFO:root:False
INFO:root:<class 'tuple'>
INFO:root:<class 'tuple'>
INFO:root:(1, 2, 5, 3, 4, 8, 6, 0, 7)
INFO:root:(0, 1, 2, 3, 4, 5, 6, 7, 8)
INFO:root:False
INFO:root:<class 'tuple'>
INFO:root:<class 'tuple'>
INFO:root:(1, 0, 5, 3, 2, 4, 6, 7, 8)
INFO:root:(0, 1, 2, 3, 4, 5, 6, 7, 8)
INFO:root:False
INFO:root:<class 'tuple'>
INFO:root:<class 'tuple'>
INFO:root:(1, 2, 5, 3, 7, 4, 6, 0, 8)
INFO:root:(0, 1, 2, 3, 4, 5, 6, 7, 8)
INFO:root:False
INFO:root:<class 'tuple'>
INFO:root:<class 'tuple'>
INFO:root:(1, 2, 5, 0, 3, 4, 6, 7, 8)
INFO:root:(0, 1, 2, 3, 4, 5, 6, 7, 8)
INFO:root:False
INFO:root:<class 'tuple'>
INFO:root:<class 'tuple'>
INFO:root:(1, 2, 5, 3, 4, 0, 6, 7, 8)
INFO:root:(0, 1, 2, 3, 4, 5, 6, 7, 8)
INFO:root:False
INFO:root:<class 'tuple'>
INFO:root:<class 'tuple'>
INFO:root:(1, 2, 0, 3, 4, 5, 6, 7, 8)
INFO:root:(0, 1, 2, 3, 4, 5, 6, 7, 8)
INFO:root:False
INFO:root:<class 'tuple'>
INFO:root:<class 'tuple'>
INFO:root:(1, 2, 5, 3, 4, 8, 6, 7, 0)
INFO:root:(0, 1, 2, 3, 4, 5, 6, 7, 8)
INFO:root:False
INFO:root:<class 'tuple'>
INFO:root:<class 'tuple'>
INFO:root:(1, 2, 5, 3, 0, 4, 6, 7, 8)
INFO:root:(0, 1, 2, 3, 4, 5, 6, 7, 8)
INFO:root:False
INFO:root:<class 'tuple'>
INFO:root:<class 'tuple'>
INFO:root:(1, 4, 2, 3, 0, 5, 6, 7, 8)
INFO:root:(0, 1, 2, 3, 4, 5, 6, 7, 8)
INFO:root:False
INFO:root:<class 'tuple'>
INFO:root:<class 'tuple'>
INFO:root:(0, 1, 2, 3, 4, 5, 6, 7, 8)
INFO:root:(0, 1, 2, 3, 4, 5, 6, 7, 8)
